<?xml version="1.0" encoding="UTF-8"?>
<testng-results skipped="0" failed="0" total="1" passed="1">
  <reporter-output>
  </reporter-output>
  <suite name="xxx" duration-ms="27065" started-at="2019-04-10T23:33:33Z" finished-at="2019-04-10T23:34:00Z">
    <groups>
    </groups>
    <test name="yyy" duration-ms="27065" started-at="2019-04-10T23:33:33Z" finished-at="2019-04-10T23:34:00Z">
      <class name="testScripts.Test123">
        <test-method status="PASS" signature="testReg()[pri:0, instance:testScripts.Test123@180bc464]" name="testReg" duration-ms="25548" started-at="2019-04-10T19:33:33Z" finished-at="2019-04-10T19:33:59Z">
          <reporter-output>
          </reporter-output>
        </test-method> <!-- testReg -->
        <test-method status="PASS" signature="closeBrowser()[pri:0, instance:testScripts.Test123@180bc464]" name="closeBrowser" is-config="true" duration-ms="1453" started-at="2019-04-10T19:33:59Z" finished-at="2019-04-10T19:34:00Z">
          <reporter-output>
          </reporter-output>
        </test-method> <!-- closeBrowser -->
      </class> <!-- testScripts.Test123 -->
    </test> <!-- yyy -->
  </suite> <!-- xxx -->
</testng-results>
