<?xml version="1.0" encoding="UTF-8"?>
<testng-results skipped="0" failed="0" total="1" passed="1">
  <reporter-output>
  </reporter-output>
  <suite name="xxx" duration-ms="19528" started-at="2019-04-10T17:46:35Z" finished-at="2019-04-10T17:46:55Z">
    <groups>
    </groups>
    <test name="yyy" duration-ms="19528" started-at="2019-04-10T17:46:35Z" finished-at="2019-04-10T17:46:55Z">
      <class name="testScripts.Test123">
        <test-method status="PASS" signature="testReg()[pri:0, instance:testScripts.Test123@146ba0ac]" name="testReg" duration-ms="18121" started-at="2019-04-10T13:46:35Z" finished-at="2019-04-10T13:46:53Z">
          <reporter-output>
          </reporter-output>
        </test-method> <!-- testReg -->
        <test-method status="PASS" signature="closeBrowser()[pri:0, instance:testScripts.Test123@146ba0ac]" name="closeBrowser" is-config="true" duration-ms="1332" started-at="2019-04-10T13:46:53Z" finished-at="2019-04-10T13:46:55Z">
          <reporter-output>
          </reporter-output>
        </test-method> <!-- closeBrowser -->
      </class> <!-- testScripts.Test123 -->
    </test> <!-- yyy -->
  </suite> <!-- xxx -->
</testng-results>
